[root@svdapp95 ~]# yum --nogpgcheck localinstall centos-ds-8.1.0-1.el5.centos.2.i386.rpm \
		centos-ds-base-8.1.0-0.14.el5.centos.2.i386.rpm \
		centos-ds-base-devel-8.1.0-0.14.el5.centos.2.i386.rpm \
		centos-ds-console-8.1.0-5.el5.centos.2.noarch.rpm \
		centos-ds-admin-8.1.0-9.el5.centos.1.i386.rpm \
		adminutil-1.1.8-2.el5.centos.0.i386.rpm \
		centos-admin-console-8.1.0-2.el5.centos.2.noarch.rpm \
		centos-idm-console-1.0.1-1.el5.centos.2.i386.rpm \
		idm-console-framework-1.1.3-9.el5.centos.2.noarch.rpm \
		jss-4.2.5-1.el5.centos.1.i386.rpm 
		
	Loaded plugins: fastestmirror
	Setting up Local Package Process
	Examining centos-ds-8.1.0-1.el5.centos.2.i386.rpm: centos-ds-8.1.0-1.el5.centos.2.i386
	[...]
	---> Package svrcore-devel.i386 0:4.0.4-3.el5 set to be updated
	--> Finished Dependency Resolution

	Dependencies Resolved

	====================================================================================================================================================================================
	 Package                               Arch                   Version                                      Repository                                                          Size
	====================================================================================================================================================================================
	Installing:
	 adminutil                             i386                   1.1.8-2.el5.centos.0                         /adminutil-1.1.8-2.el5.centos.0.i386                               147 k
	 centos-admin-console                  noarch                 8.1.0-2.el5.centos.2                         /centos-admin-console-8.1.0-2.el5.centos.2.noarch                  301 k
	 centos-ds                             i386                   8.1.0-1.el5.centos.2                         /centos-ds-8.1.0-1.el5.centos.2.i386                                136
	 centos-ds-admin                       i386                   8.1.0-9.el5.centos.1                         /centos-ds-admin-8.1.0-9.el5.centos.1.i386                         1.0 M
	 centos-ds-base                        i386                   8.1.0-0.14.el5.centos.2                      /centos-ds-base-8.1.0-0.14.el5.centos.2.i386                       4.7 M
	 centos-ds-base-devel                  i386                   8.1.0-0.14.el5.centos.2                      /centos-ds-base-devel-8.1.0-0.14.el5.centos.2.i386                 104 k
	 centos-ds-console                     noarch                 8.1.0-5.el5.centos.2                         /centos-ds-console-8.1.0-5.el5.centos.2.noarch                     1.7 M
	 centos-idm-console                    i386                   1.0.1-1.el5.centos.2                         /centos-idm-console-1.0.1-1.el5.centos.2.i386                       71 k
	 idm-console-framework                 noarch                 1.1.3-9.el5.centos.2                         /idm-console-framework-1.1.3-9.el5.centos.2.noarch                 1.2 M
	 jss                                   i386                   4.2.5-1.el5.centos.1                         /jss-4.2.5-1.el5.centos.1.i386                                     906 k
	Installing for dependencies:
	 cyrus-sasl-gssapi                     i386                   2.1.22-5.el5_4.3                             My-CentOS-5.5-i386-ISO-repo                                         29 k
	 db4-utils                             i386                   4.3.29-10.el5                                My-CentOS-5.5-i386-ISO-repo                                        119 k
	 ldapjdk                               i386                   4.18-2jpp.3.el5                              My-CentOS-5.5-i386-ISO-repo                                        782 k
	 lm_sensors                            i386                   2.10.7-9.el5                                 My-CentOS-5.5-i386-ISO-repo                                        511 k
	 mod_nss                               i386                   1.0.3-8.el5                                  My-CentOS-5.5-i386-ISO-repo                                         81 k
	 mozldap                               i386                   6.0.5-1.el5                                  My-CentOS-5.5-i386-ISO-repo                                        132 k
	 mozldap-devel                         i386                   6.0.5-1.el5                                  My-CentOS-5.5-i386-ISO-repo                                         92 k
	 mozldap-tools                         i386                   6.0.5-1.el5                                  My-CentOS-5.5-i386-ISO-repo                                        139 k
	 nspr-devel                            i386                   4.7.6-1.el5_4                                My-CentOS-5.5-i386-ISO-repo                                        112 k
	 nss-devel                             i386                   3.12.3.99.3-1.el5.centos.2                   My-CentOS-5.5-i386-ISO-repo                                        228 k
	 perl-Mozilla-LDAP                     i386                   1.5.2-4.el5                                  My-CentOS-5.5-i386-ISO-repo                                        181 k
	 svrcore                               i386                   4.0.4-3.el5                                  My-CentOS-5.5-i386-ISO-repo                                         14 k
	 svrcore-devel                         i386                   4.0.4-3.el5                                  My-CentOS-5.5-i386-ISO-repo                                        8.3 k

	Transaction Summary
	====================================================================================================================================================================================
	Install      23 Package(s)
	Upgrade       0 Package(s)

	Total size: 12 M
	Total download size: 2.4 M
	Is this ok [y/N]: y
	Downloading Packages:
	------------------------------------------------------------------------------------------------------------------------------------------------------------------------------------
	Total                                                                                                                                               360 MB/s | 2.4 MB     00:00
	Running rpm_check_debug
	Running Transaction Test
	Finished Transaction Test
	Transaction Test Succeeded
	Running Transaction
	  Installing     : svrcore                                                                                                                                                     1/23
	  Installing     : mozldap                                                                                                                                                     2/23
	  Installing     : perl-Mozilla-LDAP                                                                                                                                           3/23
	  Installing     : mozldap-tools                                                                                                                                               4/23
	  Installing     : adminutil                                                                                                                                                   5/23
	  Installing     : ldapjdk                                                                                                                                                     6/23
	  Installing     : mod_nss                                                                                                                                                     7/23

	mod_nss certificate database generated.

	  Installing     : jss                                                                                                                                                         8/23
	  Installing     : lm_sensors                                                                                                                                                  9/23
	  Installing     : cyrus-sasl-gssapi                                                                                                                                          10/23
	  Installing     : db4-utils                                                                                                                                                  11/23
	  Installing     : nspr-devel                                                                                                                                                 12/23
	  Installing     : nss-devel                                                                                                                                                  13/23
	  Installing     : idm-console-framework                                                                                                                                      14/23
	  Installing     : centos-ds-base                                                                                                                                             15/23
	  Installing     : centos-idm-console                                                                                                                                         16/23
	  Installing     : svrcore-devel                                                                                                                                              17/23
	  Installing     : centos-ds-admin                                                                                                                                            18/23
	  Installing     : centos-admin-console                                                                                                                                       19/23
	  Installing     : centos-ds-console                                                                                                                                          20/23
	  Installing     : mozldap-devel                                                                                                                                              21/23
	  Installing     : centos-ds-base-devel                                                                                                                                       22/23
	  Installing     : centos-ds                                                                                                                                                  23/23

	Installed:
	  adminutil.i386 0:1.1.8-2.el5.centos.0                    centos-admin-console.noarch 0:8.1.0-2.el5.centos.2          centos-ds.i386 0:8.1.0-1.el5.centos.2
	  centos-ds-admin.i386 0:8.1.0-9.el5.centos.1              centos-ds-base.i386 0:8.1.0-0.14.el5.centos.2               centos-ds-base-devel.i386 0:8.1.0-0.14.el5.centos.2
	  centos-ds-console.noarch 0:8.1.0-5.el5.centos.2          centos-idm-console.i386 0:1.0.1-1.el5.centos.2              idm-console-framework.noarch 0:1.1.3-9.el5.centos.2
	  jss.i386 0:4.2.5-1.el5.centos.1

	Dependency Installed:
	  cyrus-sasl-gssapi.i386 0:2.1.22-5.el5_4.3      db4-utils.i386 0:4.3.29-10.el5                   ldapjdk.i386 0:4.18-2jpp.3.el5            lm_sensors.i386 0:2.10.7-9.el5
	  mod_nss.i386 0:1.0.3-8.el5                     mozldap.i386 0:6.0.5-1.el5                       mozldap-devel.i386 0:6.0.5-1.el5          mozldap-tools.i386 0:6.0.5-1.el5
	  nspr-devel.i386 0:4.7.6-1.el5_4                nss-devel.i386 0:3.12.3.99.3-1.el5.centos.2      perl-Mozilla-LDAP.i386 0:1.5.2-4.el5      svrcore.i386 0:4.0.4-3.el5
	  svrcore-devel.i386 0:4.0.4-3.el5

	Complete!
	[root@svdapp95 centos-ds_rpm_tmp]#

